

Microchip MPLAB XC8 Assembler V2.46 build 20240104201356 
                                                                                               Mon Dec 09 22:08:16 2024

Microchip MPLAB XC8 C Compiler v2.46 (Free license) build 20240104201356 Og1 
     1                           	processor	16F18344
     2                           	pagewidth 120
     3                           	opt	flic
     4                           	psect	cinit,global,class=CODE,merge=1,delta=2
     5                           	psect	bssCOMMON,global,class=COMMON,space=1,delta=1,noexec
     6                           	psect	cstackCOMMON,global,class=COMMON,space=1,delta=1,noexec
     7                           	psect	maintext,global,class=CODE,merge=1,split=1,delta=2
     8                           	psect	text1,local,class=CODE,merge=1,delta=2
     9                           	psect	text2,local,class=CODE,merge=1,delta=2
    10                           	psect	intentry,global,class=CODE,delta=2
    11                           	psect	config,global,abs,ovrld,class=CONFIG,space=4,delta=2,noexec
    12                           	dabs	1,0x7E,2
    13     0000                     
    14                           ; Generated 11/01/2024 GMT
    15                           ; 
    16                           ; Copyright © 2024, Microchip Technology Inc. and its subsidiaries ("Microchip")
    17                           ; All rights reserved.
    18                           ; 
    19                           ; This software is developed by Microchip Technology Inc. and its subsidiaries ("Microch
      +                          ip").
    20                           ; 
    21                           ; Redistribution and use in source and binary forms, with or without modification, are
    22                           ; permitted provided that the following conditions are met:
    23                           ; 
    24                           ;     1. Redistributions of source code must retain the above copyright notice, this lis
      +                          t of
    25                           ;        conditions and the following disclaimer.
    26                           ; 
    27                           ;     2. Redistributions in binary form must reproduce the above copyright notice, this 
      +                          list
    28                           ;        of conditions and the following disclaimer in the documentation and/or other
    29                           ;        materials provided with the distribution. Publication is not required when
    30                           ;        this file is used in an embedded application.
    31                           ; 
    32                           ;     3. Microchip's name may not be used to endorse or promote products derived from th
      +                          is
    33                           ;        software without specific prior written permission.
    34                           ; 
    35                           ; THIS SOFTWARE IS PROVIDED BY MICROCHIP "AS IS" AND ANY EXPRESS OR IMPLIED WARRANTIES,
    36                           ; INCLUDING, BUT NOT LIMITED TO, THE IMPLIED WARRANTIES OF MERCHANTABILITY AND FITNESS F
      +                          OR
    37                           ; PURPOSE ARE DISCLAIMED.  IN NO EVENT SHALL MICROCHIP BE LIABLE FOR ANY DIRECT, INDIREC
      +                          T,
    38                           ; INCIDENTAL, SPECIAL, EXEMPLARY, OR CONSEQUENTIAL DAMAGES (INCLUDING BUT NOT LIMITED TO
    39                           ; PROCUREMENT OF SUBSTITUTE GOODS OR SERVICES; LOSS OF USE, DATA OR PROFITS; OR BUSINESS
    40                           ; INTERRUPTION) HOWSOEVER CAUSED AND ON ANY THEORY OF LIABILITY, WHETHER IN CONTRACT, ST
      +                          RICT
    41                           ; LIABILITY, OR TORT (INCLUDING NEGLIGENCE OR OTHERWISE) ARISING IN ANY WAY OUT OF THE U
      +                          SE OF
    42                           ; THIS SOFTWARE, EVEN IF ADVISED OF THE POSSIBILITY OF SUCH DAMAGE.
    43                           ; 
    44                           ; 
    45                           ; Code-generator required, PIC16F18344 Definitions
    46                           ; 
    47                           ; SFR Addresses
    48     0000                     	;# 
    49     0001                     	;# 
    50     0002                     	;# 
    51     0003                     	;# 
    52     0004                     	;# 
    53     0005                     	;# 
    54     0006                     	;# 
    55     0007                     	;# 
    56     0008                     	;# 
    57     0009                     	;# 
    58     000A                     	;# 
    59     000B                     	;# 
    60     000C                     	;# 
    61     000D                     	;# 
    62     000E                     	;# 
    63     0010                     	;# 
    64     0011                     	;# 
    65     0012                     	;# 
    66     0013                     	;# 
    67     0014                     	;# 
    68     0015                     	;# 
    69     0015                     	;# 
    70     0016                     	;# 
    71     0016                     	;# 
    72     0017                     	;# 
    73     0018                     	;# 
    74     0019                     	;# 
    75     0019                     	;# 
    76     001A                     	;# 
    77     001B                     	;# 
    78     001C                     	;# 
    79     001D                     	;# 
    80     001E                     	;# 
    81     001F                     	;# 
    82     008C                     	;# 
    83     008D                     	;# 
    84     008E                     	;# 
    85     0090                     	;# 
    86     0091                     	;# 
    87     0092                     	;# 
    88     0093                     	;# 
    89     0094                     	;# 
    90     0097                     	;# 
    91     009B                     	;# 
    92     009B                     	;# 
    93     009C                     	;# 
    94     009D                     	;# 
    95     009E                     	;# 
    96     009F                     	;# 
    97     010C                     	;# 
    98     010D                     	;# 
    99     010E                     	;# 
   100     0111                     	;# 
   101     0112                     	;# 
   102     0113                     	;# 
   103     0114                     	;# 
   104     0115                     	;# 
   105     0116                     	;# 
   106     0117                     	;# 
   107     0118                     	;# 
   108     0119                     	;# 
   109     018C                     	;# 
   110     018D                     	;# 
   111     018E                     	;# 
   112     0197                     	;# 
   113     0199                     	;# 
   114     0199                     	;# 
   115     0199                     	;# 
   116     019A                     	;# 
   117     019A                     	;# 
   118     019A                     	;# 
   119     019B                     	;# 
   120     019B                     	;# 
   121     019B                     	;# 
   122     019B                     	;# 
   123     019B                     	;# 
   124     019C                     	;# 
   125     019C                     	;# 
   126     019C                     	;# 
   127     019D                     	;# 
   128     019D                     	;# 
   129     019D                     	;# 
   130     019E                     	;# 
   131     019E                     	;# 
   132     019E                     	;# 
   133     019F                     	;# 
   134     019F                     	;# 
   135     019F                     	;# 
   136     019F                     	;# 
   137     019F                     	;# 
   138     020C                     	;# 
   139     020D                     	;# 
   140     020E                     	;# 
   141     0211                     	;# 
   142     0211                     	;# 
   143     0212                     	;# 
   144     0212                     	;# 
   145     0213                     	;# 
   146     0213                     	;# 
   147     0214                     	;# 
   148     0214                     	;# 
   149     0215                     	;# 
   150     0215                     	;# 
   151     0215                     	;# 
   152     0215                     	;# 
   153     0216                     	;# 
   154     0216                     	;# 
   155     0217                     	;# 
   156     0217                     	;# 
   157     028C                     	;# 
   158     028D                     	;# 
   159     028E                     	;# 
   160     0291                     	;# 
   161     0291                     	;# 
   162     0292                     	;# 
   163     0293                     	;# 
   164     0294                     	;# 
   165     0295                     	;# 
   166     0295                     	;# 
   167     0296                     	;# 
   168     0297                     	;# 
   169     0298                     	;# 
   170     029F                     	;# 
   171     030C                     	;# 
   172     030D                     	;# 
   173     030E                     	;# 
   174     0311                     	;# 
   175     0311                     	;# 
   176     0312                     	;# 
   177     0313                     	;# 
   178     0314                     	;# 
   179     0315                     	;# 
   180     0315                     	;# 
   181     0316                     	;# 
   182     0317                     	;# 
   183     0318                     	;# 
   184     038C                     	;# 
   185     038D                     	;# 
   186     038E                     	;# 
   187     0391                     	;# 
   188     0392                     	;# 
   189     0393                     	;# 
   190     0394                     	;# 
   191     0395                     	;# 
   192     0396                     	;# 
   193     0397                     	;# 
   194     0398                     	;# 
   195     0399                     	;# 
   196     039A                     	;# 
   197     039C                     	;# 
   198     039D                     	;# 
   199     039E                     	;# 
   200     039F                     	;# 
   201     0411                     	;# 
   202     0411                     	;# 
   203     0412                     	;# 
   204     0413                     	;# 
   205     0414                     	;# 
   206     0415                     	;# 
   207     0416                     	;# 
   208     0417                     	;# 
   209     0418                     	;# 
   210     0418                     	;# 
   211     0419                     	;# 
   212     041A                     	;# 
   213     041B                     	;# 
   214     041C                     	;# 
   215     041D                     	;# 
   216     041E                     	;# 
   217     041F                     	;# 
   218     0498                     	;# 
   219     0498                     	;# 
   220     0499                     	;# 
   221     049A                     	;# 
   222     049B                     	;# 
   223     049B                     	;# 
   224     049C                     	;# 
   225     049D                     	;# 
   226     049E                     	;# 
   227     049F                     	;# 
   228     0617                     	;# 
   229     0618                     	;# 
   230     0619                     	;# 
   231     0619                     	;# 
   232     061A                     	;# 
   233     061B                     	;# 
   234     061C                     	;# 
   235     061C                     	;# 
   236     061F                     	;# 
   237     0691                     	;# 
   238     0692                     	;# 
   239     0693                     	;# 
   240     0694                     	;# 
   241     0695                     	;# 
   242     0696                     	;# 
   243     0697                     	;# 
   244     0698                     	;# 
   245     0699                     	;# 
   246     0711                     	;# 
   247     0712                     	;# 
   248     0713                     	;# 
   249     0714                     	;# 
   250     0715                     	;# 
   251     0716                     	;# 
   252     0717                     	;# 
   253     0718                     	;# 
   254     0719                     	;# 
   255     0891                     	;# 
   256     0891                     	;# 
   257     0891                     	;# 
   258     0891                     	;# 
   259     0891                     	;# 
   260     0891                     	;# 
   261     0892                     	;# 
   262     0892                     	;# 
   263     0892                     	;# 
   264     0893                     	;# 
   265     0893                     	;# 
   266     0893                     	;# 
   267     0893                     	;# 
   268     0893                     	;# 
   269     0893                     	;# 
   270     0894                     	;# 
   271     0894                     	;# 
   272     0894                     	;# 
   273     0895                     	;# 
   274     0895                     	;# 
   275     0895                     	;# 
   276     0896                     	;# 
   277     0896                     	;# 
   278     0896                     	;# 
   279     089B                     	;# 
   280     0911                     	;# 
   281     0912                     	;# 
   282     0913                     	;# 
   283     0914                     	;# 
   284     0915                     	;# 
   285     0916                     	;# 
   286     0918                     	;# 
   287     0919                     	;# 
   288     091A                     	;# 
   289     091B                     	;# 
   290     091C                     	;# 
   291     091D                     	;# 
   292     091E                     	;# 
   293     091F                     	;# 
   294     0E0F                     	;# 
   295     0E10                     	;# 
   296     0E11                     	;# 
   297     0E12                     	;# 
   298     0E13                     	;# 
   299     0E14                     	;# 
   300     0E15                     	;# 
   301     0E16                     	;# 
   302     0E17                     	;# 
   303     0E18                     	;# 
   304     0E19                     	;# 
   305     0E1A                     	;# 
   306     0E1B                     	;# 
   307     0E1C                     	;# 
   308     0E20                     	;# 
   309     0E21                     	;# 
   310     0E22                     	;# 
   311     0E24                     	;# 
   312     0E25                     	;# 
   313     0E28                     	;# 
   314     0E29                     	;# 
   315     0E2A                     	;# 
   316     0E2B                     	;# 
   317     0E2C                     	;# 
   318     0E2D                     	;# 
   319     0E2E                     	;# 
   320     0E2F                     	;# 
   321     0E90                     	;# 
   322     0E91                     	;# 
   323     0E92                     	;# 
   324     0E94                     	;# 
   325     0E95                     	;# 
   326     0E9C                     	;# 
   327     0E9D                     	;# 
   328     0E9E                     	;# 
   329     0E9F                     	;# 
   330     0EA0                     	;# 
   331     0EA1                     	;# 
   332     0EA2                     	;# 
   333     0EA3                     	;# 
   334     0EA4                     	;# 
   335     0EA5                     	;# 
   336     0EA6                     	;# 
   337     0EA7                     	;# 
   338     0F0F                     	;# 
   339     0F10                     	;# 
   340     0F11                     	;# 
   341     0F12                     	;# 
   342     0F13                     	;# 
   343     0F14                     	;# 
   344     0F15                     	;# 
   345     0F16                     	;# 
   346     0F17                     	;# 
   347     0F18                     	;# 
   348     0F19                     	;# 
   349     0F1A                     	;# 
   350     0F1B                     	;# 
   351     0F1C                     	;# 
   352     0F1D                     	;# 
   353     0F1E                     	;# 
   354     0F1F                     	;# 
   355     0F20                     	;# 
   356     0F21                     	;# 
   357     0F22                     	;# 
   358     0F23                     	;# 
   359     0F24                     	;# 
   360     0F25                     	;# 
   361     0F26                     	;# 
   362     0F27                     	;# 
   363     0F28                     	;# 
   364     0F29                     	;# 
   365     0F2A                     	;# 
   366     0F2B                     	;# 
   367     0F2C                     	;# 
   368     0F2D                     	;# 
   369     0F2E                     	;# 
   370     0F2F                     	;# 
   371     0F30                     	;# 
   372     0F31                     	;# 
   373     0F32                     	;# 
   374     0F33                     	;# 
   375     0F34                     	;# 
   376     0F35                     	;# 
   377     0F36                     	;# 
   378     0F37                     	;# 
   379     0FE4                     	;# 
   380     0FE5                     	;# 
   381     0FE6                     	;# 
   382     0FE7                     	;# 
   383     0FE8                     	;# 
   384     0FE9                     	;# 
   385     0FEA                     	;# 
   386     0FEB                     	;# 
   387     0FED                     	;# 
   388     0FEE                     	;# 
   389     0FEF                     	;# 
   390     0000                     	;# 
   391     0001                     	;# 
   392     0002                     	;# 
   393     0003                     	;# 
   394     0004                     	;# 
   395     0005                     	;# 
   396     0006                     	;# 
   397     0007                     	;# 
   398     0008                     	;# 
   399     0009                     	;# 
   400     000A                     	;# 
   401     000B                     	;# 
   402     000C                     	;# 
   403     000D                     	;# 
   404     000E                     	;# 
   405     0010                     	;# 
   406     0011                     	;# 
   407     0012                     	;# 
   408     0013                     	;# 
   409     0014                     	;# 
   410     0015                     	;# 
   411     0015                     	;# 
   412     0016                     	;# 
   413     0016                     	;# 
   414     0017                     	;# 
   415     0018                     	;# 
   416     0019                     	;# 
   417     0019                     	;# 
   418     001A                     	;# 
   419     001B                     	;# 
   420     001C                     	;# 
   421     001D                     	;# 
   422     001E                     	;# 
   423     001F                     	;# 
   424     008C                     	;# 
   425     008D                     	;# 
   426     008E                     	;# 
   427     0090                     	;# 
   428     0091                     	;# 
   429     0092                     	;# 
   430     0093                     	;# 
   431     0094                     	;# 
   432     0097                     	;# 
   433     009B                     	;# 
   434     009B                     	;# 
   435     009C                     	;# 
   436     009D                     	;# 
   437     009E                     	;# 
   438     009F                     	;# 
   439     010C                     	;# 
   440     010D                     	;# 
   441     010E                     	;# 
   442     0111                     	;# 
   443     0112                     	;# 
   444     0113                     	;# 
   445     0114                     	;# 
   446     0115                     	;# 
   447     0116                     	;# 
   448     0117                     	;# 
   449     0118                     	;# 
   450     0119                     	;# 
   451     018C                     	;# 
   452     018D                     	;# 
   453     018E                     	;# 
   454     0197                     	;# 
   455     0199                     	;# 
   456     0199                     	;# 
   457     0199                     	;# 
   458     019A                     	;# 
   459     019A                     	;# 
   460     019A                     	;# 
   461     019B                     	;# 
   462     019B                     	;# 
   463     019B                     	;# 
   464     019B                     	;# 
   465     019B                     	;# 
   466     019C                     	;# 
   467     019C                     	;# 
   468     019C                     	;# 
   469     019D                     	;# 
   470     019D                     	;# 
   471     019D                     	;# 
   472     019E                     	;# 
   473     019E                     	;# 
   474     019E                     	;# 
   475     019F                     	;# 
   476     019F                     	;# 
   477     019F                     	;# 
   478     019F                     	;# 
   479     019F                     	;# 
   480     020C                     	;# 
   481     020D                     	;# 
   482     020E                     	;# 
   483     0211                     	;# 
   484     0211                     	;# 
   485     0212                     	;# 
   486     0212                     	;# 
   487     0213                     	;# 
   488     0213                     	;# 
   489     0214                     	;# 
   490     0214                     	;# 
   491     0215                     	;# 
   492     0215                     	;# 
   493     0215                     	;# 
   494     0215                     	;# 
   495     0216                     	;# 
   496     0216                     	;# 
   497     0217                     	;# 
   498     0217                     	;# 
   499     028C                     	;# 
   500     028D                     	;# 
   501     028E                     	;# 
   502     0291                     	;# 
   503     0291                     	;# 
   504     0292                     	;# 
   505     0293                     	;# 
   506     0294                     	;# 
   507     0295                     	;# 
   508     0295                     	;# 
   509     0296                     	;# 
   510     0297                     	;# 
   511     0298                     	;# 
   512     029F                     	;# 
   513     030C                     	;# 
   514     030D                     	;# 
   515     030E                     	;# 
   516     0311                     	;# 
   517     0311                     	;# 
   518     0312                     	;# 
   519     0313                     	;# 
   520     0314                     	;# 
   521     0315                     	;# 
   522     0315                     	;# 
   523     0316                     	;# 
   524     0317                     	;# 
   525     0318                     	;# 
   526     038C                     	;# 
   527     038D                     	;# 
   528     038E                     	;# 
   529     0391                     	;# 
   530     0392                     	;# 
   531     0393                     	;# 
   532     0394                     	;# 
   533     0395                     	;# 
   534     0396                     	;# 
   535     0397                     	;# 
   536     0398                     	;# 
   537     0399                     	;# 
   538     039A                     	;# 
   539     039C                     	;# 
   540     039D                     	;# 
   541     039E                     	;# 
   542     039F                     	;# 
   543     0411                     	;# 
   544     0411                     	;# 
   545     0412                     	;# 
   546     0413                     	;# 
   547     0414                     	;# 
   548     0415                     	;# 
   549     0416                     	;# 
   550     0417                     	;# 
   551     0418                     	;# 
   552     0418                     	;# 
   553     0419                     	;# 
   554     041A                     	;# 
   555     041B                     	;# 
   556     041C                     	;# 
   557     041D                     	;# 
   558     041E                     	;# 
   559     041F                     	;# 
   560     0498                     	;# 
   561     0498                     	;# 
   562     0499                     	;# 
   563     049A                     	;# 
   564     049B                     	;# 
   565     049B                     	;# 
   566     049C                     	;# 
   567     049D                     	;# 
   568     049E                     	;# 
   569     049F                     	;# 
   570     0617                     	;# 
   571     0618                     	;# 
   572     0619                     	;# 
   573     0619                     	;# 
   574     061A                     	;# 
   575     061B                     	;# 
   576     061C                     	;# 
   577     061C                     	;# 
   578     061F                     	;# 
   579     0691                     	;# 
   580     0692                     	;# 
   581     0693                     	;# 
   582     0694                     	;# 
   583     0695                     	;# 
   584     0696                     	;# 
   585     0697                     	;# 
   586     0698                     	;# 
   587     0699                     	;# 
   588     0711                     	;# 
   589     0712                     	;# 
   590     0713                     	;# 
   591     0714                     	;# 
   592     0715                     	;# 
   593     0716                     	;# 
   594     0717                     	;# 
   595     0718                     	;# 
   596     0719                     	;# 
   597     0891                     	;# 
   598     0891                     	;# 
   599     0891                     	;# 
   600     0891                     	;# 
   601     0891                     	;# 
   602     0891                     	;# 
   603     0892                     	;# 
   604     0892                     	;# 
   605     0892                     	;# 
   606     0893                     	;# 
   607     0893                     	;# 
   608     0893                     	;# 
   609     0893                     	;# 
   610     0893                     	;# 
   611     0893                     	;# 
   612     0894                     	;# 
   613     0894                     	;# 
   614     0894                     	;# 
   615     0895                     	;# 
   616     0895                     	;# 
   617     0895                     	;# 
   618     0896                     	;# 
   619     0896                     	;# 
   620     0896                     	;# 
   621     089B                     	;# 
   622     0911                     	;# 
   623     0912                     	;# 
   624     0913                     	;# 
   625     0914                     	;# 
   626     0915                     	;# 
   627     0916                     	;# 
   628     0918                     	;# 
   629     0919                     	;# 
   630     091A                     	;# 
   631     091B                     	;# 
   632     091C                     	;# 
   633     091D                     	;# 
   634     091E                     	;# 
   635     091F                     	;# 
   636     0E0F                     	;# 
   637     0E10                     	;# 
   638     0E11                     	;# 
   639     0E12                     	;# 
   640     0E13                     	;# 
   641     0E14                     	;# 
   642     0E15                     	;# 
   643     0E16                     	;# 
   644     0E17                     	;# 
   645     0E18                     	;# 
   646     0E19                     	;# 
   647     0E1A                     	;# 
   648     0E1B                     	;# 
   649     0E1C                     	;# 
   650     0E20                     	;# 
   651     0E21                     	;# 
   652     0E22                     	;# 
   653     0E24                     	;# 
   654     0E25                     	;# 
   655     0E28                     	;# 
   656     0E29                     	;# 
   657     0E2A                     	;# 
   658     0E2B                     	;# 
   659     0E2C                     	;# 
   660     0E2D                     	;# 
   661     0E2E                     	;# 
   662     0E2F                     	;# 
   663     0E90                     	;# 
   664     0E91                     	;# 
   665     0E92                     	;# 
   666     0E94                     	;# 
   667     0E95                     	;# 
   668     0E9C                     	;# 
   669     0E9D                     	;# 
   670     0E9E                     	;# 
   671     0E9F                     	;# 
   672     0EA0                     	;# 
   673     0EA1                     	;# 
   674     0EA2                     	;# 
   675     0EA3                     	;# 
   676     0EA4                     	;# 
   677     0EA5                     	;# 
   678     0EA6                     	;# 
   679     0EA7                     	;# 
   680     0F0F                     	;# 
   681     0F10                     	;# 
   682     0F11                     	;# 
   683     0F12                     	;# 
   684     0F13                     	;# 
   685     0F14                     	;# 
   686     0F15                     	;# 
   687     0F16                     	;# 
   688     0F17                     	;# 
   689     0F18                     	;# 
   690     0F19                     	;# 
   691     0F1A                     	;# 
   692     0F1B                     	;# 
   693     0F1C                     	;# 
   694     0F1D                     	;# 
   695     0F1E                     	;# 
   696     0F1F                     	;# 
   697     0F20                     	;# 
   698     0F21                     	;# 
   699     0F22                     	;# 
   700     0F23                     	;# 
   701     0F24                     	;# 
   702     0F25                     	;# 
   703     0F26                     	;# 
   704     0F27                     	;# 
   705     0F28                     	;# 
   706     0F29                     	;# 
   707     0F2A                     	;# 
   708     0F2B                     	;# 
   709     0F2C                     	;# 
   710     0F2D                     	;# 
   711     0F2E                     	;# 
   712     0F2F                     	;# 
   713     0F30                     	;# 
   714     0F31                     	;# 
   715     0F32                     	;# 
   716     0F33                     	;# 
   717     0F34                     	;# 
   718     0F35                     	;# 
   719     0F36                     	;# 
   720     0F37                     	;# 
   721     0FE4                     	;# 
   722     0FE5                     	;# 
   723     0FE6                     	;# 
   724     0FE7                     	;# 
   725     0FE8                     	;# 
   726     0FE9                     	;# 
   727     0FEA                     	;# 
   728     0FEB                     	;# 
   729     0FED                     	;# 
   730     0FEE                     	;# 
   731     0FEF                     	;# 
   732     0010                     _PIR0bits	set	16
   733     0011                     _PIR1bits	set	17
   734     008C                     _TRISAbits	set	140
   735     008E                     _TRISCbits	set	142
   736     008D                     _TRISBbits	set	141
   737     008E                     _TRISC	set	142
   738     008D                     _TRISB	set	141
   739     008C                     _TRISA	set	140
   740     0090                     _PIE0bits	set	144
   741     010E                     _LATCbits	set	270
   742     010E                     _LATC	set	270
   743     010D                     _LATB	set	269
   744     010C                     _LATA	set	268
   745     018E                     _ANSELC	set	398
   746     018D                     _ANSELB	set	397
   747     018C                     _ANSELA	set	396
   748     019A                     _TX1REG	set	410
   749     0215                     _SSP1CON1bits	set	533
   750     0214                     _SSP1STATbits	set	532
   751     0211                     _SSP1BUF	set	529
   752     091F                     _OSCFRQ	set	2335
   753     0919                     _OSCCON1	set	2329
   754     0E21                     _SSP1DATPPS	set	3617
   755     0EA4                     _RC4PPS	set	3748
   756     0E94                     _RA4PPS	set	3732
   757                           
   758                           	psect	cinit
   759     0016                     start_initialization:	
   760                           ; #config settings
   761                           
   762     0016                     __initialization:
   763                           
   764                           ; Clear objects allocated to COMMON
   765     0016  01F0               	clrf	__pbssCOMMON& (0+127)
   766     0017  01F1               	clrf	(__pbssCOMMON+1)& (0+127)
   767     0018  01F2               	clrf	(__pbssCOMMON+2)& (0+127)
   768     0019  01F3               	clrf	(__pbssCOMMON+3)& (0+127)
   769     001A  01F4               	clrf	(__pbssCOMMON+4)& (0+127)
   770     001B                     end_of_initialization:	
   771                           ;End of C runtime variable initialization code
   772                           
   773     001B                     __end_of__initialization:
   774     001B  107E               	bcf	int$flags,0	;clear compiler interrupt flag (level 1)
   775     001C  0020               	movlb	0
   776     001D  3180  284B         	ljmp	_main	;jump to C main() function
   777                           
   778                           	psect	bssCOMMON
   779     0070                     __pbssCOMMON:
   780     0070                     _TEMP:
   781     0070                     	ds	4
   782     0074                     _flags:
   783     0074                     	ds	1
   784                           
   785                           	psect	cstackCOMMON
   786     0075                     __pcstackCOMMON:
   787     0075                     ?_SPI_out:
   788     0075                     ??_SPI_out:	
   789                           ; 1 bytes @ 0x0
   790                           
   791     0075                     ?_ISR:	
   792                           ; 1 bytes @ 0x0
   793                           
   794     0075                     ??_ISR:	
   795                           ; 1 bytes @ 0x0
   796                           
   797     0075                     ?_init:	
   798                           ; 1 bytes @ 0x0
   799                           
   800     0075                     ??_init:	
   801                           ; 1 bytes @ 0x0
   802                           
   803     0075                     ?_main:	
   804                           ; 1 bytes @ 0x0
   805                           
   806     0075                     SPI_out@dat:	
   807                           ; 1 bytes @ 0x0
   808                           
   809                           
   810                           ; 1 bytes @ 0x0
   811     0075                     	ds	1
   812     0076                     ??_main:
   813                           
   814                           	psect	maintext
   815     004B                     __pmaintext:	
   816                           ; 1 bytes @ 0x1
   817 ;;
   818 ;;Main: autosize = 0, tempsize = 0, incstack = 0, save=0
   819 ;;
   820 ;; *************** function _main *****************
   821 ;; Defined at:
   822 ;;		line 194 in file "C:\Users\Thomas\Dropbox\Proofer_Project\Code Rev2\Dough_Go.X\main.c"
   823 ;; Parameters:    Size  Location     Type
   824 ;;		None
   825 ;; Auto vars:     Size  Location     Type
   826 ;;		None
   827 ;; Return value:  Size  Location     Type
   828 ;;                  1    wreg      void 
   829 ;; Registers used:
   830 ;;		wreg, status,2, status,0, pclath, cstack
   831 ;; Tracked objects:
   832 ;;		On entry : B1F/0
   833 ;;		On exit  : 0/0
   834 ;;		Unchanged: 0/0
   835 ;; Data sizes:     COMMON   BANK0   BANK1   BANK2   BANK3   BANK4   BANK5   BANK6
   836 ;;      Params:         0       0       0       0       0       0       0       0
   837 ;;      Locals:         0       0       0       0       0       0       0       0
   838 ;;      Temps:          0       0       0       0       0       0       0       0
   839 ;;      Totals:         0       0       0       0       0       0       0       0
   840 ;;Total ram usage:        0 bytes
   841 ;; Hardware stack levels required when called: 2
   842 ;; This function calls:
   843 ;;		_SPI_out
   844 ;;		_init
   845 ;; This function is called by:
   846 ;;		Startup code after reset
   847 ;; This function uses a non-reentrant model
   848 ;;
   849                           
   850     004B                     _main:	
   851                           ;psect for function _main
   852                           
   853     004B                     l769:	
   854                           ;incstack = 0
   855                           ; Regs used in _main: [wreg+status,2+status,0+pclath+cstack]
   856                           
   857                           
   858                           ;C:\Users\Thomas\Dropbox\Proofer_Project\Code Rev2\Dough_Go.X\main.c: 196:     init();
   859     004B  3180  201F  3180   	fcall	_init
   860     004E                     l86:	
   861                           ;C:\Users\Thomas\Dropbox\Proofer_Project\Code Rev2\Dough_Go.X\main.c: 198:     while (1)
      +                           {
   862                           
   863                           
   864                           ;C:\Users\Thomas\Dropbox\Proofer_Project\Code Rev2\Dough_Go.X\main.c: 215:         SPI_o
      +                          ut(0x02);
   865     004E  3002               	movlw	2
   866     004F  3180  2058  3180   	fcall	_SPI_out
   867     0052                     l771:
   868                           
   869                           ;C:\Users\Thomas\Dropbox\Proofer_Project\Code Rev2\Dough_Go.X\main.c: 216:         LATCb
      +                          its.LATC5 = 1;
   870     0052  0022               	movlb	2	; select bank2
   871     0053  168E               	bsf	14,5	;volatile
   872     0054                     l773:
   873                           
   874                           ;C:\Users\Thomas\Dropbox\Proofer_Project\Code Rev2\Dough_Go.X\main.c: 217:         LATCb
      +                          its.LATC5 = 0;
   875     0054  128E               	bcf	14,5	;volatile
   876     0055  284E               	goto	l86
   877     0056  3180  2814         	ljmp	start
   878     0058                     __end_of_main:
   879                           
   880                           	psect	text1
   881     001F                     __ptext1:	
   882 ;; *************** function _init *****************
   883 ;; Defined at:
   884 ;;		line 97 in file "C:\Users\Thomas\Dropbox\Proofer_Project\Code Rev2\Dough_Go.X\main.c"
   885 ;; Parameters:    Size  Location     Type
   886 ;;		None
   887 ;; Auto vars:     Size  Location     Type
   888 ;;		None
   889 ;; Return value:  Size  Location     Type
   890 ;;                  1    wreg      void 
   891 ;; Registers used:
   892 ;;		wreg, status,2, status,0
   893 ;; Tracked objects:
   894 ;;		On entry : 0/0
   895 ;;		On exit  : 0/0
   896 ;;		Unchanged: 0/0
   897 ;; Data sizes:     COMMON   BANK0   BANK1   BANK2   BANK3   BANK4   BANK5   BANK6
   898 ;;      Params:         0       0       0       0       0       0       0       0
   899 ;;      Locals:         0       0       0       0       0       0       0       0
   900 ;;      Temps:          0       0       0       0       0       0       0       0
   901 ;;      Totals:         0       0       0       0       0       0       0       0
   902 ;;Total ram usage:        0 bytes
   903 ;; Hardware stack levels used: 1
   904 ;; Hardware stack levels required when called: 1
   905 ;; This function calls:
   906 ;;		Nothing
   907 ;; This function is called by:
   908 ;;		_main
   909 ;; This function uses a non-reentrant model
   910 ;;
   911                           
   912     001F                     _init:	
   913                           ;psect for function _init
   914                           
   915     001F                     l701:	
   916                           ;incstack = 0
   917                           ; Regs used in _init: [wreg+status,2+status,0]
   918                           
   919     001F  3060               	movlw	96
   920     0020  0032               	movlb	18	; select bank18
   921     0021  0099               	movwf	25	;volatile
   922     0022  3006               	movlw	6
   923     0023  009F               	movwf	31	;volatile
   924     0024                     l703:
   925     0024  0021               	movlb	1	; select bank1
   926     0025  018C               	clrf	12	;volatile
   927     0026                     l705:
   928     0026  018D               	clrf	13	;volatile
   929     0027                     l707:
   930     0027  018E               	clrf	14	;volatile
   931     0028                     l709:
   932     0028  128D               	bcf	13,5	;volatile
   933     0029                     l711:
   934     0029  128E               	bcf	14,5	;volatile
   935     002A                     l713:
   936     002A  118E               	bcf	14,3	;volatile
   937     002B                     l715:
   938     002B  138D               	bcf	13,7	;volatile
   939     002C                     l717:
   940     002C  130E               	bcf	14,6	;volatile
   941     002D                     l719:
   942     002D  100E               	bcf	14,0	;volatile
   943     002E                     l721:
   944     002E  170D               	bsf	13,6	;volatile
   945     002F                     l723:
   946     002F  120C               	bcf	12,4	;volatile
   947     0030                     l725:
   948     0030  0022               	movlb	2	; select bank2
   949     0031  018C               	clrf	12	;volatile
   950     0032                     l727:
   951     0032  018D               	clrf	13	;volatile
   952     0033                     l729:
   953     0033  018E               	clrf	14	;volatile
   954     0034                     l731:
   955     0034  0023               	movlb	3	; select bank3
   956     0035  018C               	clrf	12	;volatile
   957     0036                     l733:
   958     0036  018D               	clrf	13	;volatile
   959     0037                     l735:
   960     0037  018E               	clrf	14	;volatile
   961     0038                     l737:
   962                           
   963                           ;C:\Users\Thomas\Dropbox\Proofer_Project\Code Rev2\Dough_Go.X\main.c: 174:     SSP1CON1b
      +                          its.CKP = 0;
   964     0038  0024               	movlb	4	; select bank4
   965     0039  1215               	bcf	21,4	;volatile
   966     003A                     l739:
   967                           
   968                           ;C:\Users\Thomas\Dropbox\Proofer_Project\Code Rev2\Dough_Go.X\main.c: 175:     SSP1CON1b
      +                          its.SSPM = 2;
   969     003A  0815               	movf	21,w	;volatile
   970     003B  39F0               	andlw	-16
   971     003C  3802               	iorlw	2
   972     003D  0095               	movwf	21	;volatile
   973     003E                     l741:
   974                           
   975                           ;C:\Users\Thomas\Dropbox\Proofer_Project\Code Rev2\Dough_Go.X\main.c: 177:     SSP1STATb
      +                          its.SMP = 0;
   976     003E  1394               	bcf	20,7	;volatile
   977     003F                     l743:
   978                           
   979                           ;C:\Users\Thomas\Dropbox\Proofer_Project\Code Rev2\Dough_Go.X\main.c: 178:     SSP1STATb
      +                          its.CKE = 1;
   980     003F  1714               	bsf	20,6	;volatile
   981     0040                     l745:
   982                           
   983                           ;C:\Users\Thomas\Dropbox\Proofer_Project\Code Rev2\Dough_Go.X\main.c: 180:     RA4PPS = 
      +                          0x18;
   984     0040  3018               	movlw	24
   985     0041  003D               	movlb	29	; select bank29
   986     0042  0094               	movwf	20	;volatile
   987     0043                     l747:
   988                           
   989                           ;C:\Users\Thomas\Dropbox\Proofer_Project\Code Rev2\Dough_Go.X\main.c: 181:     RC4PPS = 
      +                          0x19;
   990     0043  3019               	movlw	25
   991     0044  00A4               	movwf	36	;volatile
   992     0045                     l749:
   993                           
   994                           ;C:\Users\Thomas\Dropbox\Proofer_Project\Code Rev2\Dough_Go.X\main.c: 182:     SSP1DATPP
      +                          S = 0x0E;
   995     0045  300E               	movlw	14
   996     0046  003C               	movlb	28	; select bank28
   997     0047  00A1               	movwf	33	;volatile
   998     0048                     l751:
   999                           
  1000                           ;C:\Users\Thomas\Dropbox\Proofer_Project\Code Rev2\Dough_Go.X\main.c: 184:     SSP1CON1b
      +                          its.SSPEN = 1;
  1001     0048  0024               	movlb	4	; select bank4
  1002     0049  1695               	bsf	21,5	;volatile
  1003     004A                     l81:
  1004     004A  0008               	return
  1005     004B                     __end_of_init:
  1006                           
  1007                           	psect	text2
  1008     0058                     __ptext2:	
  1009 ;; *************** function _SPI_out *****************
  1010 ;; Defined at:
  1011 ;;		line 74 in file "C:\Users\Thomas\Dropbox\Proofer_Project\Code Rev2\Dough_Go.X\main.c"
  1012 ;; Parameters:    Size  Location     Type
  1013 ;;  dat             1    wreg     unsigned char 
  1014 ;; Auto vars:     Size  Location     Type
  1015 ;;  dat             1    0[COMMON] unsigned char 
  1016 ;; Return value:  Size  Location     Type
  1017 ;;                  1    wreg      void 
  1018 ;; Registers used:
  1019 ;;		wreg
  1020 ;; Tracked objects:
  1021 ;;		On entry : 0/0
  1022 ;;		On exit  : 0/0
  1023 ;;		Unchanged: 0/0
  1024 ;; Data sizes:     COMMON   BANK0   BANK1   BANK2   BANK3   BANK4   BANK5   BANK6
  1025 ;;      Params:         0       0       0       0       0       0       0       0
  1026 ;;      Locals:         1       0       0       0       0       0       0       0
  1027 ;;      Temps:          0       0       0       0       0       0       0       0
  1028 ;;      Totals:         1       0       0       0       0       0       0       0
  1029 ;;Total ram usage:        1 bytes
  1030 ;; Hardware stack levels used: 1
  1031 ;; Hardware stack levels required when called: 1
  1032 ;; This function calls:
  1033 ;;		Nothing
  1034 ;; This function is called by:
  1035 ;;		_main
  1036 ;; This function uses a non-reentrant model
  1037 ;;
  1038                           
  1039     0058                     _SPI_out:	
  1040                           ;psect for function _SPI_out
  1041                           
  1042                           
  1043                           ;incstack = 0
  1044                           ; Regs used in _SPI_out: [wreg]
  1045                           ;SPI_out@dat stored from wreg
  1046     0058  00F5               	movwf	SPI_out@dat
  1047     0059                     l699:
  1048     0059  0875               	movf	SPI_out@dat,w
  1049     005A  0024               	movlb	4	; select bank4
  1050     005B  0091               	movwf	17	;volatile
  1051     005C                     l63:
  1052     005C  1C14               	btfss	20,0	;volatile
  1053     005D  285F               	goto	u11
  1054     005E  2860               	goto	u10
  1055     005F                     u11:
  1056     005F  285C               	goto	l63
  1057     0060                     u10:
  1058     0060                     l66:
  1059     0060  0008               	return
  1060     0061                     __end_of_SPI_out:
  1061                           
  1062                           	psect	intentry
  1063     0004                     __pintentry:	
  1064 ;; *************** function _ISR *****************
  1065 ;; Defined at:
  1066 ;;		line 89 in file "C:\Users\Thomas\Dropbox\Proofer_Project\Code Rev2\Dough_Go.X\main.c"
  1067 ;; Parameters:    Size  Location     Type
  1068 ;;		None
  1069 ;; Auto vars:     Size  Location     Type
  1070 ;;		None
  1071 ;; Return value:  Size  Location     Type
  1072 ;;                  1    wreg      void 
  1073 ;; Registers used:
  1074 ;;		None
  1075 ;; Tracked objects:
  1076 ;;		On entry : 0/0
  1077 ;;		On exit  : 0/0
  1078 ;;		Unchanged: 0/0
  1079 ;; Data sizes:     COMMON   BANK0   BANK1   BANK2   BANK3   BANK4   BANK5   BANK6
  1080 ;;      Params:         0       0       0       0       0       0       0       0
  1081 ;;      Locals:         0       0       0       0       0       0       0       0
  1082 ;;      Temps:          0       0       0       0       0       0       0       0
  1083 ;;      Totals:         0       0       0       0       0       0       0       0
  1084 ;;Total ram usage:        0 bytes
  1085 ;; Hardware stack levels used: 1
  1086 ;; This function calls:
  1087 ;;		Nothing
  1088 ;; This function is called by:
  1089 ;;		Interrupt level 1
  1090 ;; This function uses a non-reentrant model
  1091 ;;
  1092                           
  1093     0004                     _ISR:
  1094                           
  1095                           ;incstack = 0
  1096     0004  147E               	bsf	int$flags,0	;set compiler interrupt flag (level 1)
  1097                           
  1098                           ; Regs used in _ISR: []
  1099     0005  3180               	pagesel	$
  1100     0006                     i1l763:
  1101     0006  0021               	movlb	1	; select bank1
  1102     0007  1E90               	btfss	16,5	;volatile
  1103     0008  280A               	goto	u4_21
  1104     0009  280B               	goto	u4_20
  1105     000A                     u4_21:
  1106     000A  2812               	goto	i1l78
  1107     000B                     u4_20:
  1108     000B                     i1l765:
  1109     000B  0020               	movlb	0	; select bank0
  1110     000C  1E90               	btfss	16,5	;volatile
  1111     000D  280F               	goto	u5_21
  1112     000E  2810               	goto	u5_20
  1113     000F                     u5_21:
  1114     000F  2812               	goto	i1l78
  1115     0010                     u5_20:
  1116     0010                     i1l767:
  1117     0010  1474               	bsf	_flags,0
  1118     0011  1290               	bcf	16,5	;volatile
  1119     0012                     i1l78:
  1120     0012  107E               	bcf	int$flags,0	;clear compiler interrupt flag (level 1)
  1121     0013  0009               	retfie
  1122     0014                     __end_of_ISR:
  1123     007E                     btemp	set	126	;btemp
  1124     007E                     int$flags	set	126
  1125     007E                     wtemp0	set	126
  1126                           
  1127                           	psect	config
  1128                           
  1129                           ;Config register CONFIG1 @ 0x8007
  1130                           ;	FEXTOSC External Oscillator mode Selection bits
  1131                           ;	FEXTOSC = OFF, Oscillator not enabled
  1132                           ;	Power-up default value for COSC bits
  1133                           ;	RSTOSC = HFINT1, HFINTOSC (1MHz)
  1134                           ;	Clock Out Enable bit
  1135                           ;	CLKOUTEN = OFF, CLKOUT function is disabled; I/O or oscillator function on OSC2
  1136                           ;	Clock Switch Enable bit
  1137                           ;	CSWEN = ON, Writing to NOSC and NDIV is allowed
  1138                           ;	Fail-Safe Clock Monitor Enable
  1139                           ;	FCMEN = ON, Fail-Safe Clock Monitor is enabled
  1140     8007                     	org	32775
  1141     8007  3FEC               	dw	16364
  1142                           
  1143                           ;Config register CONFIG2 @ 0x8008
  1144                           ;	Master Clear Enable bit
  1145                           ;	MCLRE = ON, MCLR/VPP pin function is MCLR; Weak pull-up enabled
  1146                           ;	Power-up Timer Enable bit
  1147                           ;	PWRTE = OFF, PWRT disabled
  1148                           ;	Watchdog Timer Enable bits
  1149                           ;	WDTE = OFF, WDT disabled; SWDTEN is ignored
  1150                           ;	Low-power BOR enable bit
  1151                           ;	LPBOREN = OFF, ULPBOR disabled
  1152                           ;	Brown-out Reset Enable bits
  1153                           ;	BOREN = OFF, Brown-out Reset disabled
  1154                           ;	Brown-out Reset Voltage selection bit
  1155                           ;	BORV = LOW, Brown-out voltage (Vbor) set to 2.45V
  1156                           ;	PPSLOCK bit One-Way Set Enable bit
  1157                           ;	PPS1WAY = ON, The PPSLOCK bit can be cleared and set only once; PPS registers remain l
      +                          ocked after one clear/set cycle
  1158                           ;	Stack Overflow/Underflow Reset Enable bit
  1159                           ;	STVREN = ON, Stack Overflow or Underflow will cause a Reset
  1160                           ;	Debugger enable bit
  1161                           ;	DEBUG = OFF, Background debugger disabled
  1162     8008                     	org	32776
  1163     8008  3F33               	dw	16179
  1164                           
  1165                           ;Config register CONFIG3 @ 0x8009
  1166                           ;	User NVM self-write protection bits
  1167                           ;	WRT = OFF, Write protection off
  1168                           ;	Low Voltage Programming Enable bit
  1169                           ;	LVP = OFF, High Voltage on MCLR/VPP must be used for programming.
  1170     8009                     	org	32777
  1171     8009  1FFF               	dw	8191
  1172                           
  1173                           ;Config register CONFIG4 @ 0x800A
  1174                           ;	User NVM Program Memory Code Protection bit
  1175                           ;	CP = OFF, User NVM code protection disabled
  1176                           ;	Data NVM Memory Code Protection bit
  1177                           ;	CPD = OFF, Data NVM code protection disabled
  1178     800A                     	org	32778
  1179     800A  3FFF               	dw	16383

Data Sizes:
    Strings     0
    Constant    0
    Data        0
    BSS         5
    Persistent  32
    Stack       0

Auto Spaces:
    Space          Size  Autos    Used
    COMMON           14      1       6
    BANK0            80      0       0
    BANK1            80      0       0
    BANK2            80      0       0
    BANK3            80      0       0
    BANK4            80      0       0
    BANK5            80      0       0
    BANK6            16      0       0

Pointer List with Targets:

    None.

Critical Paths under _main in COMMON

    _main->_SPI_out

Critical Paths under _ISR in COMMON

    None.

Critical Paths under _main in BANK0

    None.

Critical Paths under _ISR in BANK0

    None.

Critical Paths under _main in BANK1

    None.

Critical Paths under _ISR in BANK1

    None.

Critical Paths under _main in BANK2

    None.

Critical Paths under _ISR in BANK2

    None.

Critical Paths under _main in BANK3

    None.

Critical Paths under _ISR in BANK3

    None.

Critical Paths under _main in BANK4

    None.

Critical Paths under _ISR in BANK4

    None.

Critical Paths under _main in BANK5

    None.

Critical Paths under _ISR in BANK5

    None.

Critical Paths under _main in BANK6

    None.

Critical Paths under _ISR in BANK6

    None.

Call Graph Tables:

 ---------------------------------------------------------------------------------
 (Depth) Function   	        Calls       Base Space   Used Autos Params    Refs
 ---------------------------------------------------------------------------------
 (0) _main                                                 0     0      0      15
                            _SPI_out
                               _init
 ---------------------------------------------------------------------------------
 (1) _init                                                 0     0      0       0
 ---------------------------------------------------------------------------------
 (1) _SPI_out                                              1     1      0      15
                                              0 COMMON     1     1      0
 ---------------------------------------------------------------------------------
 Estimated maximum stack depth 1
 ---------------------------------------------------------------------------------
 (Depth) Function   	        Calls       Base Space   Used Autos Params    Refs
 ---------------------------------------------------------------------------------
 (2) _ISR                                                  0     0      0       0
 ---------------------------------------------------------------------------------
 Estimated maximum stack depth 2
 ---------------------------------------------------------------------------------

 Call Graph Graphs:

 _main (ROOT)
   _SPI_out
   _init

 _ISR (ROOT)

 Address spaces:
Name               Size   Autos  Total    Cost      Usage
BIGRAM             1F0      0       0       0        0.0%
EEDATA             100      0       0       0        0.0%
NULL                 0      0       0       0        0.0%
CODE                 0      0       0       0        0.0%
BITCOMMON            E      0       0       1        0.0%
BITSFR0              0      0       0       1        0.0%
SFR0                 0      0       0       1        0.0%
COMMON               E      1       6       2       42.9%
BITSFR1              0      0       0       2        0.0%
SFR1                 0      0       0       2        0.0%
BITSFR2              0      0       0       3        0.0%
SFR2                 0      0       0       3        0.0%
STACK                0      0       0       3        0.0%
BITSFR3              0      0       0       4        0.0%
SFR3                 0      0       0       4        0.0%
ABS                  0      0       6       4        0.0%
BITBANK0            50      0       0       5        0.0%
BITSFR4              0      0       0       5        0.0%
SFR4                 0      0       0       5        0.0%
BANK0               50      0       0       6        0.0%
BITSFR5              0      0       0       6        0.0%
SFR5                 0      0       0       6        0.0%
BITBANK1            50      0       0       7        0.0%
BITSFR6              0      0       0       7        0.0%
SFR6                 0      0       0       7        0.0%
BANK1               50      0       0       8        0.0%
BITSFR7              0      0       0       8        0.0%
SFR7                 0      0       0       8        0.0%
BITBANK2            50      0       0       9        0.0%
BITSFR8              0      0       0       9        0.0%
SFR8                 0      0       0       9        0.0%
BANK2               50      0       0      10        0.0%
BITSFR9              0      0       0      10        0.0%
SFR9                 0      0       0      10        0.0%
BITBANK3            50      0       0      11        0.0%
BITSFR10             0      0       0      11        0.0%
SFR10                0      0       0      11        0.0%
BANK3               50      0       0      12        0.0%
BITSFR11             0      0       0      12        0.0%
SFR11                0      0       0      12        0.0%
BITBANK4            50      0       0      13        0.0%
BITSFR12             0      0       0      13        0.0%
SFR12                0      0       0      13        0.0%
BANK4               50      0       0      14        0.0%
BITSFR13             0      0       0      14        0.0%
SFR13                0      0       0      14        0.0%
BITBANK5            50      0       0      15        0.0%
BITSFR14             0      0       0      15        0.0%
SFR14                0      0       0      15        0.0%
BANK5               50      0       0      16        0.0%
BITSFR15             0      0       0      16        0.0%
SFR15                0      0       0      16        0.0%
BITBANK6            10      0       0      17        0.0%
BITSFR16             0      0       0      17        0.0%
SFR16                0      0       0      17        0.0%
BANK6               10      0       0      18        0.0%
BITSFR17             0      0       0      18        0.0%
SFR17                0      0       0      18        0.0%
BITSFR18             0      0       0      19        0.0%
SFR18                0      0       0      19        0.0%
DATA                 0      0       6      19        0.0%
BITSFR19             0      0       0      20        0.0%
SFR19                0      0       0      20        0.0%
BITSFR20             0      0       0      21        0.0%
SFR20                0      0       0      21        0.0%
BITSFR21             0      0       0      22        0.0%
SFR21                0      0       0      22        0.0%
BITSFR22             0      0       0      23        0.0%
SFR22                0      0       0      23        0.0%
BITSFR23             0      0       0      24        0.0%
SFR23                0      0       0      24        0.0%
BITSFR24             0      0       0      25        0.0%
SFR24                0      0       0      25        0.0%
BITSFR25             0      0       0      26        0.0%
SFR25                0      0       0      26        0.0%
BITSFR26             0      0       0      27        0.0%
SFR26                0      0       0      27        0.0%
BITSFR27             0      0       0      28        0.0%
SFR27                0      0       0      28        0.0%
BITSFR28             0      0       0      29        0.0%
SFR28                0      0       0      29        0.0%
BITSFR29             0      0       0      30        0.0%
SFR29                0      0       0      30        0.0%
BITSFR30             0      0       0      31        0.0%
SFR30                0      0       0      31        0.0%
BITSFR31             0      0       0      32        0.0%
SFR31                0      0       0      32        0.0%


Microchip Technology PIC Macro Assembler V2.46 build 20240104201356 
Symbol Table                                                                                   Mon Dec 09 22:08:16 2024

                     l63 005C                       l81 004A                       l66 0060  
                     l86 004E                       u10 0060                       u11 005F  
                    l701 001F                      l711 0029                      l703 0024  
                    l721 002E                      l713 002A                      l705 0026  
                    l731 0034                      l723 002F                      l715 002B  
                    l707 0027                      l741 003E                      l733 0036  
                    l725 0030                      l717 002C                      l709 0028  
                    l751 0048                      l743 003F                      l735 0037  
                    l727 0032                      l719 002D                      l745 0040  
                    l737 0038                      l729 0033                      l747 0043  
                    l739 003A                      l771 0052                      l749 0045  
                    l773 0054                      l769 004B                      l699 0059  
                    _ISR 0004                     ?_ISR 0075                     _LATA 010C  
                   _LATB 010D                     _LATC 010E                     i1l78 0012  
                   _TEMP 0070                     u4_20 000B                     u4_21 000A  
                   u5_20 0010                     u5_21 000F                     _main 004B  
                   _init 001F                     btemp 007E          __end_of_SPI_out 0061  
                   start 0014                    ??_ISR 0075                    ?_main 0075  
                  ?_init 0075                    i1l763 0006                    i1l765 000B  
                  i1l767 0010                    _TRISA 008C                    _TRISB 008D  
                  _TRISC 008E                    _flags 0074                    wtemp0 007E  
        __initialization 0016             __end_of_main 0058             __end_of_init 004B  
                 ??_main 0076                   ??_init 0075                   _ANSELA 018C  
                 _ANSELB 018D                   _ANSELC 018E                ??_SPI_out 0075  
                 _RA4PPS 0E94                   _RC4PPS 0EA4                   _OSCFRQ 091F  
                 _TX1REG 019A  __end_of__initialization 001B           __pcstackCOMMON 0075  
             __pmaintext 004B               __pintentry 0004                  _OSCCON1 0919  
                _SSP1BUF 0211                  _SPI_out 0058                  __ptext1 001F  
                __ptext2 0058     end_of_initialization 001B                _TRISAbits 008C  
              _TRISBbits 008D                _TRISCbits 008E      start_initialization 0016  
            __end_of_ISR 0014              __pbssCOMMON 0070                ___latbits 0001  
               ?_SPI_out 0075                 _LATCbits 010E                 _PIE0bits 0090  
               _PIR0bits 0010                 _PIR1bits 0011               SPI_out@dat 0075  
           _SSP1CON1bits 0215                 int$flags 007E             _SSP1STATbits 0214  
               intlevel1 0000               _SSP1DATPPS 0E21  
